<!doctype html>
<html lang="en">
<head>
<meta charset="utf-8">
<meta name="viewport" content="width=device-width, initial-scale=1, minimum-scale=1">
<meta name="generator" content="pdoc3 0.11.6">
<title>atomik_sdk.tests.test_pipeline_verify API documentation</title>
<meta name="description" content="Tests for ATOMiK Pipeline Verification Stage â€¦">
<link rel="stylesheet" href="https://cdnjs.cloudflare.com/ajax/libs/10up-sanitize.css/13.0.0/sanitize.min.css" integrity="sha512-y1dtMcuvtTMJc1yPgEqF0ZjQbhnc/bFhyvIyVNb9Zk5mIGtqVaAB1Ttl28su8AvFMOY0EwRbAe+HCLqj6W7/KA==" crossorigin>
<link rel="stylesheet" href="https://cdnjs.cloudflare.com/ajax/libs/10up-sanitize.css/13.0.0/typography.min.css" integrity="sha512-Y1DYSb995BAfxobCkKepB1BqJJTPrOp3zPL74AWFugHHmmdcvO+C48WLrUOlhGMc0QG7AE3f7gmvvcrmX2fDoA==" crossorigin>
<link rel="stylesheet" href="https://cdnjs.cloudflare.com/ajax/libs/highlight.js/11.9.0/styles/default.min.css" crossorigin>
<style>:root{--highlight-color:#fe9}.flex{display:flex !important}body{line-height:1.5em}#content{padding:20px}#sidebar{padding:1.5em;overflow:hidden}#sidebar > *:last-child{margin-bottom:2cm}.http-server-breadcrumbs{font-size:130%;margin:0 0 15px 0}#footer{font-size:.75em;padding:5px 30px;border-top:1px solid #ddd;text-align:right}#footer p{margin:0 0 0 1em;display:inline-block}#footer p:last-child{margin-right:30px}h1,h2,h3,h4,h5{font-weight:300}h1{font-size:2.5em;line-height:1.1em}h2{font-size:1.75em;margin:2em 0 .50em 0}h3{font-size:1.4em;margin:1.6em 0 .7em 0}h4{margin:0;font-size:105%}h1:target,h2:target,h3:target,h4:target,h5:target,h6:target{background:var(--highlight-color);padding:.2em 0}a{color:#058;text-decoration:none;transition:color .2s ease-in-out}a:visited{color:#503}a:hover{color:#b62}.title code{font-weight:bold}h2[id^="header-"]{margin-top:2em}.ident{color:#900;font-weight:bold}pre code{font-size:.8em;line-height:1.4em;padding:1em;display:block}code{background:#f3f3f3;font-family:"DejaVu Sans Mono",monospace;padding:1px 4px;overflow-wrap:break-word}h1 code{background:transparent}pre{border-top:1px solid #ccc;border-bottom:1px solid #ccc;margin:1em 0}#http-server-module-list{display:flex;flex-flow:column}#http-server-module-list div{display:flex}#http-server-module-list dt{min-width:10%}#http-server-module-list p{margin-top:0}.toc ul,#index{list-style-type:none;margin:0;padding:0}#index code{background:transparent}#index h3{border-bottom:1px solid #ddd}#index ul{padding:0}#index h4{margin-top:.6em;font-weight:bold}@media (min-width:200ex){#index .two-column{column-count:2}}@media (min-width:300ex){#index .two-column{column-count:3}}dl{margin-bottom:2em}dl dl:last-child{margin-bottom:4em}dd{margin:0 0 1em 3em}#header-classes + dl > dd{margin-bottom:3em}dd dd{margin-left:2em}dd p{margin:10px 0}.name{background:#eee;font-size:.85em;padding:5px 10px;display:inline-block;min-width:40%}.name:hover{background:#e0e0e0}dt:target .name{background:var(--highlight-color)}.name > span:first-child{white-space:nowrap}.name.class > span:nth-child(2){margin-left:.4em}.inherited{color:#999;border-left:5px solid #eee;padding-left:1em}.inheritance em{font-style:normal;font-weight:bold}.desc h2{font-weight:400;font-size:1.25em}.desc h3{font-size:1em}.desc dt code{background:inherit}.source > summary,.git-link-div{color:#666;text-align:right;font-weight:400;font-size:.8em;text-transform:uppercase}.source summary > *{white-space:nowrap;cursor:pointer}.git-link{color:inherit;margin-left:1em}.source pre{max-height:500px;overflow:auto;margin:0}.source pre code{font-size:12px;overflow:visible;min-width:max-content}.hlist{list-style:none}.hlist li{display:inline}.hlist li:after{content:',\2002'}.hlist li:last-child:after{content:none}.hlist .hlist{display:inline;padding-left:1em}img{max-width:100%}td{padding:0 .5em}.admonition{padding:.1em 1em;margin:1em 0}.admonition-title{font-weight:bold}.admonition.note,.admonition.info,.admonition.important{background:#aef}.admonition.todo,.admonition.versionadded,.admonition.tip,.admonition.hint{background:#dfd}.admonition.warning,.admonition.versionchanged,.admonition.deprecated{background:#fd4}.admonition.error,.admonition.danger,.admonition.caution{background:lightpink}</style>
<style media="screen and (min-width: 700px)">@media screen and (min-width:700px){#sidebar{width:30%;height:100vh;overflow:auto;position:sticky;top:0}#content{width:70%;max-width:100ch;padding:3em 4em;border-left:1px solid #ddd}pre code{font-size:1em}.name{font-size:1em}main{display:flex;flex-direction:row-reverse;justify-content:flex-end}.toc ul ul,#index ul ul{padding-left:1em}.toc > ul > li{margin-top:.5em}}</style>
<style media="print">@media print{#sidebar h1{page-break-before:always}.source{display:none}}@media print{*{background:transparent !important;color:#000 !important;box-shadow:none !important;text-shadow:none !important}a[href]:after{content:" (" attr(href) ")";font-size:90%}a[href][title]:after{content:none}abbr[title]:after{content:" (" attr(title) ")"}.ir a:after,a[href^="javascript:"]:after,a[href^="#"]:after{content:""}pre,blockquote{border:1px solid #999;page-break-inside:avoid}thead{display:table-header-group}tr,img{page-break-inside:avoid}img{max-width:100% !important}@page{margin:0.5cm}p,h2,h3{orphans:3;widows:3}h1,h2,h3,h4,h5,h6{page-break-after:avoid}}</style>
<script defer src="https://cdnjs.cloudflare.com/ajax/libs/highlight.js/11.9.0/highlight.min.js" integrity="sha512-D9gUyxqja7hBtkWpPWGt9wfbfaMGVt9gnyCvYa+jojwwPHLCzUm5i8rpk7vD7wNee9bA35eYIjobYPaQuKS1MQ==" crossorigin></script>
<script>window.addEventListener('DOMContentLoaded', () => {
hljs.configure({languages: ['bash', 'css', 'diff', 'graphql', 'ini', 'javascript', 'json', 'plaintext', 'python', 'python-repl', 'rust', 'shell', 'sql', 'typescript', 'xml', 'yaml']});
hljs.highlightAll();
/* Collapse source docstrings */
setTimeout(() => {
[...document.querySelectorAll('.hljs.language-python > .hljs-string')]
.filter(el => el.innerHTML.length > 200 && ['"""', "'''"].includes(el.innerHTML.substring(0, 3)))
.forEach(el => {
let d = document.createElement('details');
d.classList.add('hljs-string');
d.innerHTML = '<summary>"""</summary>' + el.innerHTML.substring(3);
el.replaceWith(d);
});
}, 100);
})</script>
</head>
<body>
<main>
<article id="content">
<header>
<h1 class="title">Module <code>atomik_sdk.tests.test_pipeline_verify</code></h1>
</header>
<section id="section-intro">
<p>Tests for ATOMiK Pipeline Verification Stage</p>
<p>Tests cover:
- Python syntax checking
- Verilog module/endmodule balance
- Balanced delimiter checking
- Self-correction for known error classes
- Verification manifest generation</p>
</section>
<section>
</section>
<section>
</section>
<section>
<h2 class="section-title" id="header-functions">Functions</h2>
<dl>
<dt id="atomik_sdk.tests.test_pipeline_verify.verify_stage"><code class="name flex">
<span>def <span class="ident">verify_stage</span></span>(<span>)</span>
</code></dt>
<dd>
<details class="source">
<summary>
<span>Expand source code</span>
</summary>
<pre><code class="python">@pytest.fixture
def verify_stage():
    return VerifyStage()</code></pre>
</details>
<div class="desc"></div>
</dd>
</dl>
</section>
<section>
<h2 class="section-title" id="header-classes">Classes</h2>
<dl>
<dt id="atomik_sdk.tests.test_pipeline_verify.TestSelfCorrector"><code class="flex name class">
<span>class <span class="ident">TestSelfCorrector</span></span>
</code></dt>
<dd>
<details class="source">
<summary>
<span>Expand source code</span>
</summary>
<pre><code class="python">class TestSelfCorrector:
    def test_known_fix_trailing_whitespace(self):
        corrector = SelfCorrector()
        result = corrector.try_fix(
            &#34;python&#34;, &#34;lint&#34;, [&#34;trailing whitespace on line 5&#34;]
        )
        assert result.applied is True
        assert result.tokens_consumed == 0

    def test_known_fix_missing_semicolon(self):
        corrector = SelfCorrector()
        result = corrector.try_fix(
            &#34;c&#34;, &#34;lint&#34;, [&#34;error: missing semicolon&#34;]
        )
        assert result.applied is True

    def test_unknown_error_needs_escalation(self):
        corrector = SelfCorrector()
        result = corrector.try_fix(
            &#34;python&#34;, &#34;test&#34;, [&#34;AssertionError: unexpected value&#34;]
        )
        assert result.applied is False
        assert result.fix_type == &#34;escalation_needed&#34;

    def test_language_specific_fixes(self):
        corrector = SelfCorrector()
        # Python doesn&#39;t have missing semicolon fix
        result = corrector.try_fix(
            &#34;python&#34;, &#34;lint&#34;, [&#34;missing semicolon&#34;]
        )
        assert result.applied is False

    def test_attempts_tracking(self):
        corrector = SelfCorrector()
        corrector.try_fix(&#34;python&#34;, &#34;lint&#34;, [&#34;trailing whitespace&#34;])
        corrector.try_fix(&#34;c&#34;, &#34;lint&#34;, [&#34;unknown error&#34;])
        attempts = corrector.get_attempts()
        assert len(attempts) == 2
        assert attempts[0][&#34;applied&#34;] is True
        assert attempts[1][&#34;applied&#34;] is False</code></pre>
</details>
<div class="desc"></div>
<h3>Methods</h3>
<dl>
<dt id="atomik_sdk.tests.test_pipeline_verify.TestSelfCorrector.test_attempts_tracking"><code class="name flex">
<span>def <span class="ident">test_attempts_tracking</span></span>(<span>self)</span>
</code></dt>
<dd>
<details class="source">
<summary>
<span>Expand source code</span>
</summary>
<pre><code class="python">def test_attempts_tracking(self):
    corrector = SelfCorrector()
    corrector.try_fix(&#34;python&#34;, &#34;lint&#34;, [&#34;trailing whitespace&#34;])
    corrector.try_fix(&#34;c&#34;, &#34;lint&#34;, [&#34;unknown error&#34;])
    attempts = corrector.get_attempts()
    assert len(attempts) == 2
    assert attempts[0][&#34;applied&#34;] is True
    assert attempts[1][&#34;applied&#34;] is False</code></pre>
</details>
<div class="desc"></div>
</dd>
<dt id="atomik_sdk.tests.test_pipeline_verify.TestSelfCorrector.test_known_fix_missing_semicolon"><code class="name flex">
<span>def <span class="ident">test_known_fix_missing_semicolon</span></span>(<span>self)</span>
</code></dt>
<dd>
<details class="source">
<summary>
<span>Expand source code</span>
</summary>
<pre><code class="python">def test_known_fix_missing_semicolon(self):
    corrector = SelfCorrector()
    result = corrector.try_fix(
        &#34;c&#34;, &#34;lint&#34;, [&#34;error: missing semicolon&#34;]
    )
    assert result.applied is True</code></pre>
</details>
<div class="desc"></div>
</dd>
<dt id="atomik_sdk.tests.test_pipeline_verify.TestSelfCorrector.test_known_fix_trailing_whitespace"><code class="name flex">
<span>def <span class="ident">test_known_fix_trailing_whitespace</span></span>(<span>self)</span>
</code></dt>
<dd>
<details class="source">
<summary>
<span>Expand source code</span>
</summary>
<pre><code class="python">def test_known_fix_trailing_whitespace(self):
    corrector = SelfCorrector()
    result = corrector.try_fix(
        &#34;python&#34;, &#34;lint&#34;, [&#34;trailing whitespace on line 5&#34;]
    )
    assert result.applied is True
    assert result.tokens_consumed == 0</code></pre>
</details>
<div class="desc"></div>
</dd>
<dt id="atomik_sdk.tests.test_pipeline_verify.TestSelfCorrector.test_language_specific_fixes"><code class="name flex">
<span>def <span class="ident">test_language_specific_fixes</span></span>(<span>self)</span>
</code></dt>
<dd>
<details class="source">
<summary>
<span>Expand source code</span>
</summary>
<pre><code class="python">def test_language_specific_fixes(self):
    corrector = SelfCorrector()
    # Python doesn&#39;t have missing semicolon fix
    result = corrector.try_fix(
        &#34;python&#34;, &#34;lint&#34;, [&#34;missing semicolon&#34;]
    )
    assert result.applied is False</code></pre>
</details>
<div class="desc"></div>
</dd>
<dt id="atomik_sdk.tests.test_pipeline_verify.TestSelfCorrector.test_unknown_error_needs_escalation"><code class="name flex">
<span>def <span class="ident">test_unknown_error_needs_escalation</span></span>(<span>self)</span>
</code></dt>
<dd>
<details class="source">
<summary>
<span>Expand source code</span>
</summary>
<pre><code class="python">def test_unknown_error_needs_escalation(self):
    corrector = SelfCorrector()
    result = corrector.try_fix(
        &#34;python&#34;, &#34;test&#34;, [&#34;AssertionError: unexpected value&#34;]
    )
    assert result.applied is False
    assert result.fix_type == &#34;escalation_needed&#34;</code></pre>
</details>
<div class="desc"></div>
</dd>
</dl>
</dd>
<dt id="atomik_sdk.tests.test_pipeline_verify.TestVerifyStage"><code class="flex name class">
<span>class <span class="ident">TestVerifyStage</span></span>
</code></dt>
<dd>
<details class="source">
<summary>
<span>Expand source code</span>
</summary>
<pre><code class="python">class TestVerifyStage:
    def test_stage_name(self, verify_stage):
        assert verify_stage.name == &#34;verify&#34;

    def test_verify_valid_python(self, verify_stage, tmp_path):
        &#34;&#34;&#34;Valid Python files should pass verification.&#34;&#34;&#34;
        py_dir = tmp_path / &#34;generated&#34;
        py_dir.mkdir()
        (py_dir / &#34;module.py&#34;).write_text(
            &#34;class Delta:\n    def __init__(self):\n        self.value = 0\n&#34;
        )

        prev = StageManifest(stage=&#34;generate&#34;)
        prev.metrics[&#34;languages_generated&#34;] = [&#34;python&#34;]

        config = type(&#34;Config&#34;, (), {&#34;output_dir&#34;: str(py_dir)})()
        manifest = verify_stage.execute({}, &#34;test.json&#34;, prev, config)

        assert manifest.metrics.get(&#34;python_syntax&#34;) == &#34;pass&#34;

    def test_verify_invalid_python_syntax(self, verify_stage, tmp_path):
        &#34;&#34;&#34;Invalid Python should be detected.&#34;&#34;&#34;
        py_dir = tmp_path / &#34;generated&#34;
        py_dir.mkdir()
        (py_dir / &#34;bad.py&#34;).write_text(&#34;def foo(\n&#34;)  # Missing closing paren

        prev = StageManifest(stage=&#34;generate&#34;)
        prev.metrics[&#34;languages_generated&#34;] = [&#34;python&#34;]

        config = type(&#34;Config&#34;, (), {&#34;output_dir&#34;: str(py_dir)})()
        manifest = verify_stage.execute({}, &#34;test.json&#34;, prev, config)

        # Should detect the syntax error
        assert manifest.metrics.get(&#34;lint_errors_found&#34;, 0) &gt; 0

    def test_verify_verilog_balanced_modules(self, verify_stage, tmp_path):
        &#34;&#34;&#34;Balanced module/endmodule should pass.&#34;&#34;&#34;
        v_dir = tmp_path / &#34;generated&#34;
        v_dir.mkdir()
        (v_dir / &#34;test.v&#34;).write_text(
            &#34;module test;\n  wire a;\nendmodule\n&#34;
        )

        prev = StageManifest(stage=&#34;generate&#34;)
        prev.metrics[&#34;languages_generated&#34;] = [&#34;verilog&#34;]

        config = type(&#34;Config&#34;, (), {&#34;output_dir&#34;: str(v_dir)})()
        manifest = verify_stage.execute({}, &#34;test.json&#34;, prev, config)

        assert manifest.metrics.get(&#34;verilog_syntax&#34;) == &#34;pass&#34;

    def test_verify_verilog_unbalanced_modules(self, verify_stage, tmp_path):
        &#34;&#34;&#34;Unbalanced module/endmodule should fail.&#34;&#34;&#34;
        v_dir = tmp_path / &#34;generated&#34;
        v_dir.mkdir()
        (v_dir / &#34;bad.v&#34;).write_text(
            &#34;module test;\n  wire a;\n&#34;  # Missing endmodule
        )

        prev = StageManifest(stage=&#34;generate&#34;)
        prev.metrics[&#34;languages_generated&#34;] = [&#34;verilog&#34;]

        config = type(&#34;Config&#34;, (), {&#34;output_dir&#34;: str(v_dir)})()
        manifest = verify_stage.execute({}, &#34;test.json&#34;, prev, config)

        assert manifest.metrics.get(&#34;lint_errors_found&#34;, 0) &gt; 0

    def test_no_files_skips(self, verify_stage, tmp_path):
        &#34;&#34;&#34;Empty output directory should skip checks.&#34;&#34;&#34;
        empty_dir = tmp_path / &#34;empty&#34;
        empty_dir.mkdir()

        prev = StageManifest(stage=&#34;generate&#34;)
        prev.metrics[&#34;languages_generated&#34;] = [&#34;python&#34;]

        config = type(&#34;Config&#34;, (), {&#34;output_dir&#34;: str(empty_dir)})()
        manifest = verify_stage.execute({}, &#34;test.json&#34;, prev, config)

        # Should skip since no files found
        assert manifest.metrics.get(&#34;python_syntax&#34;) == &#34;skip&#34;</code></pre>
</details>
<div class="desc"></div>
<h3>Methods</h3>
<dl>
<dt id="atomik_sdk.tests.test_pipeline_verify.TestVerifyStage.test_no_files_skips"><code class="name flex">
<span>def <span class="ident">test_no_files_skips</span></span>(<span>self, verify_stage, tmp_path)</span>
</code></dt>
<dd>
<details class="source">
<summary>
<span>Expand source code</span>
</summary>
<pre><code class="python">def test_no_files_skips(self, verify_stage, tmp_path):
    &#34;&#34;&#34;Empty output directory should skip checks.&#34;&#34;&#34;
    empty_dir = tmp_path / &#34;empty&#34;
    empty_dir.mkdir()

    prev = StageManifest(stage=&#34;generate&#34;)
    prev.metrics[&#34;languages_generated&#34;] = [&#34;python&#34;]

    config = type(&#34;Config&#34;, (), {&#34;output_dir&#34;: str(empty_dir)})()
    manifest = verify_stage.execute({}, &#34;test.json&#34;, prev, config)

    # Should skip since no files found
    assert manifest.metrics.get(&#34;python_syntax&#34;) == &#34;skip&#34;</code></pre>
</details>
<div class="desc"><p>Empty output directory should skip checks.</p></div>
</dd>
<dt id="atomik_sdk.tests.test_pipeline_verify.TestVerifyStage.test_stage_name"><code class="name flex">
<span>def <span class="ident">test_stage_name</span></span>(<span>self, verify_stage)</span>
</code></dt>
<dd>
<details class="source">
<summary>
<span>Expand source code</span>
</summary>
<pre><code class="python">def test_stage_name(self, verify_stage):
    assert verify_stage.name == &#34;verify&#34;</code></pre>
</details>
<div class="desc"></div>
</dd>
<dt id="atomik_sdk.tests.test_pipeline_verify.TestVerifyStage.test_verify_invalid_python_syntax"><code class="name flex">
<span>def <span class="ident">test_verify_invalid_python_syntax</span></span>(<span>self, verify_stage, tmp_path)</span>
</code></dt>
<dd>
<details class="source">
<summary>
<span>Expand source code</span>
</summary>
<pre><code class="python">def test_verify_invalid_python_syntax(self, verify_stage, tmp_path):
    &#34;&#34;&#34;Invalid Python should be detected.&#34;&#34;&#34;
    py_dir = tmp_path / &#34;generated&#34;
    py_dir.mkdir()
    (py_dir / &#34;bad.py&#34;).write_text(&#34;def foo(\n&#34;)  # Missing closing paren

    prev = StageManifest(stage=&#34;generate&#34;)
    prev.metrics[&#34;languages_generated&#34;] = [&#34;python&#34;]

    config = type(&#34;Config&#34;, (), {&#34;output_dir&#34;: str(py_dir)})()
    manifest = verify_stage.execute({}, &#34;test.json&#34;, prev, config)

    # Should detect the syntax error
    assert manifest.metrics.get(&#34;lint_errors_found&#34;, 0) &gt; 0</code></pre>
</details>
<div class="desc"><p>Invalid Python should be detected.</p></div>
</dd>
<dt id="atomik_sdk.tests.test_pipeline_verify.TestVerifyStage.test_verify_valid_python"><code class="name flex">
<span>def <span class="ident">test_verify_valid_python</span></span>(<span>self, verify_stage, tmp_path)</span>
</code></dt>
<dd>
<details class="source">
<summary>
<span>Expand source code</span>
</summary>
<pre><code class="python">def test_verify_valid_python(self, verify_stage, tmp_path):
    &#34;&#34;&#34;Valid Python files should pass verification.&#34;&#34;&#34;
    py_dir = tmp_path / &#34;generated&#34;
    py_dir.mkdir()
    (py_dir / &#34;module.py&#34;).write_text(
        &#34;class Delta:\n    def __init__(self):\n        self.value = 0\n&#34;
    )

    prev = StageManifest(stage=&#34;generate&#34;)
    prev.metrics[&#34;languages_generated&#34;] = [&#34;python&#34;]

    config = type(&#34;Config&#34;, (), {&#34;output_dir&#34;: str(py_dir)})()
    manifest = verify_stage.execute({}, &#34;test.json&#34;, prev, config)

    assert manifest.metrics.get(&#34;python_syntax&#34;) == &#34;pass&#34;</code></pre>
</details>
<div class="desc"><p>Valid Python files should pass verification.</p></div>
</dd>
<dt id="atomik_sdk.tests.test_pipeline_verify.TestVerifyStage.test_verify_verilog_balanced_modules"><code class="name flex">
<span>def <span class="ident">test_verify_verilog_balanced_modules</span></span>(<span>self, verify_stage, tmp_path)</span>
</code></dt>
<dd>
<details class="source">
<summary>
<span>Expand source code</span>
</summary>
<pre><code class="python">def test_verify_verilog_balanced_modules(self, verify_stage, tmp_path):
    &#34;&#34;&#34;Balanced module/endmodule should pass.&#34;&#34;&#34;
    v_dir = tmp_path / &#34;generated&#34;
    v_dir.mkdir()
    (v_dir / &#34;test.v&#34;).write_text(
        &#34;module test;\n  wire a;\nendmodule\n&#34;
    )

    prev = StageManifest(stage=&#34;generate&#34;)
    prev.metrics[&#34;languages_generated&#34;] = [&#34;verilog&#34;]

    config = type(&#34;Config&#34;, (), {&#34;output_dir&#34;: str(v_dir)})()
    manifest = verify_stage.execute({}, &#34;test.json&#34;, prev, config)

    assert manifest.metrics.get(&#34;verilog_syntax&#34;) == &#34;pass&#34;</code></pre>
</details>
<div class="desc"><p>Balanced module/endmodule should pass.</p></div>
</dd>
<dt id="atomik_sdk.tests.test_pipeline_verify.TestVerifyStage.test_verify_verilog_unbalanced_modules"><code class="name flex">
<span>def <span class="ident">test_verify_verilog_unbalanced_modules</span></span>(<span>self, verify_stage, tmp_path)</span>
</code></dt>
<dd>
<details class="source">
<summary>
<span>Expand source code</span>
</summary>
<pre><code class="python">def test_verify_verilog_unbalanced_modules(self, verify_stage, tmp_path):
    &#34;&#34;&#34;Unbalanced module/endmodule should fail.&#34;&#34;&#34;
    v_dir = tmp_path / &#34;generated&#34;
    v_dir.mkdir()
    (v_dir / &#34;bad.v&#34;).write_text(
        &#34;module test;\n  wire a;\n&#34;  # Missing endmodule
    )

    prev = StageManifest(stage=&#34;generate&#34;)
    prev.metrics[&#34;languages_generated&#34;] = [&#34;verilog&#34;]

    config = type(&#34;Config&#34;, (), {&#34;output_dir&#34;: str(v_dir)})()
    manifest = verify_stage.execute({}, &#34;test.json&#34;, prev, config)

    assert manifest.metrics.get(&#34;lint_errors_found&#34;, 0) &gt; 0</code></pre>
</details>
<div class="desc"><p>Unbalanced module/endmodule should fail.</p></div>
</dd>
</dl>
</dd>
</dl>
</section>
</article>
<nav id="sidebar">
<div class="toc">
<ul></ul>
</div>
<ul id="index">
<li><h3>Super-module</h3>
<ul>
<li><code><a title="atomik_sdk.tests" href="index.html">atomik_sdk.tests</a></code></li>
</ul>
</li>
<li><h3><a href="#header-functions">Functions</a></h3>
<ul class="">
<li><code><a title="atomik_sdk.tests.test_pipeline_verify.verify_stage" href="#atomik_sdk.tests.test_pipeline_verify.verify_stage">verify_stage</a></code></li>
</ul>
</li>
<li><h3><a href="#header-classes">Classes</a></h3>
<ul>
<li>
<h4><code><a title="atomik_sdk.tests.test_pipeline_verify.TestSelfCorrector" href="#atomik_sdk.tests.test_pipeline_verify.TestSelfCorrector">TestSelfCorrector</a></code></h4>
<ul class="">
<li><code><a title="atomik_sdk.tests.test_pipeline_verify.TestSelfCorrector.test_attempts_tracking" href="#atomik_sdk.tests.test_pipeline_verify.TestSelfCorrector.test_attempts_tracking">test_attempts_tracking</a></code></li>
<li><code><a title="atomik_sdk.tests.test_pipeline_verify.TestSelfCorrector.test_known_fix_missing_semicolon" href="#atomik_sdk.tests.test_pipeline_verify.TestSelfCorrector.test_known_fix_missing_semicolon">test_known_fix_missing_semicolon</a></code></li>
<li><code><a title="atomik_sdk.tests.test_pipeline_verify.TestSelfCorrector.test_known_fix_trailing_whitespace" href="#atomik_sdk.tests.test_pipeline_verify.TestSelfCorrector.test_known_fix_trailing_whitespace">test_known_fix_trailing_whitespace</a></code></li>
<li><code><a title="atomik_sdk.tests.test_pipeline_verify.TestSelfCorrector.test_language_specific_fixes" href="#atomik_sdk.tests.test_pipeline_verify.TestSelfCorrector.test_language_specific_fixes">test_language_specific_fixes</a></code></li>
<li><code><a title="atomik_sdk.tests.test_pipeline_verify.TestSelfCorrector.test_unknown_error_needs_escalation" href="#atomik_sdk.tests.test_pipeline_verify.TestSelfCorrector.test_unknown_error_needs_escalation">test_unknown_error_needs_escalation</a></code></li>
</ul>
</li>
<li>
<h4><code><a title="atomik_sdk.tests.test_pipeline_verify.TestVerifyStage" href="#atomik_sdk.tests.test_pipeline_verify.TestVerifyStage">TestVerifyStage</a></code></h4>
<ul class="">
<li><code><a title="atomik_sdk.tests.test_pipeline_verify.TestVerifyStage.test_no_files_skips" href="#atomik_sdk.tests.test_pipeline_verify.TestVerifyStage.test_no_files_skips">test_no_files_skips</a></code></li>
<li><code><a title="atomik_sdk.tests.test_pipeline_verify.TestVerifyStage.test_stage_name" href="#atomik_sdk.tests.test_pipeline_verify.TestVerifyStage.test_stage_name">test_stage_name</a></code></li>
<li><code><a title="atomik_sdk.tests.test_pipeline_verify.TestVerifyStage.test_verify_invalid_python_syntax" href="#atomik_sdk.tests.test_pipeline_verify.TestVerifyStage.test_verify_invalid_python_syntax">test_verify_invalid_python_syntax</a></code></li>
<li><code><a title="atomik_sdk.tests.test_pipeline_verify.TestVerifyStage.test_verify_valid_python" href="#atomik_sdk.tests.test_pipeline_verify.TestVerifyStage.test_verify_valid_python">test_verify_valid_python</a></code></li>
<li><code><a title="atomik_sdk.tests.test_pipeline_verify.TestVerifyStage.test_verify_verilog_balanced_modules" href="#atomik_sdk.tests.test_pipeline_verify.TestVerifyStage.test_verify_verilog_balanced_modules">test_verify_verilog_balanced_modules</a></code></li>
<li><code><a title="atomik_sdk.tests.test_pipeline_verify.TestVerifyStage.test_verify_verilog_unbalanced_modules" href="#atomik_sdk.tests.test_pipeline_verify.TestVerifyStage.test_verify_verilog_unbalanced_modules">test_verify_verilog_unbalanced_modules</a></code></li>
</ul>
</li>
</ul>
</li>
</ul>
</nav>
</main>
<footer id="footer">
<p>Generated by <a href="https://pdoc3.github.io/pdoc" title="pdoc: Python API documentation generator"><cite>pdoc</cite> 0.11.6</a>.</p>
</footer>
</body>
</html>
